PS C:\Users\ymonb> adb logcat -v time -s FA FA-SVC
--------- beginning of main
10-07 17:22:14.649 I/FA      (18540): App measurement initialized, version: 79000
10-07 17:22:14.649 I/FA      (18540): To enable debug logging run: adb shell setprop log.tag.FA VERBOSE
10-07 17:22:14.650 I/FA      (18540): To enable faster debug mode event logging run:
10-07 17:22:14.650 I/FA      (18540):   adb shell setprop debug.firebase.analytics.app com.example.test10_firebase_analytics_java
10-07 17:22:14.654 E/FA      (18540): Missing google_app_id. Firebase Analytics disabled. See https://goo.gl/NAOOOI
10-07 17:22:14.656 E/FA      (18540): Uploading is not possible. App measurement disabled
10-07 17:22:14.666 I/FA      (18540): Tag Manager is not found and thus will not be used
10-07 17:22:14.876 I/FA-SVC  (18393): App measurement initialized, version: 231818
10-07 17:29:12.153 I/FA      (18748): App measurement initialized, version: 79000
10-07 17:29:12.153 I/FA      (18748): To enable debug logging run: adb shell setprop log.tag.FA VERBOSE
10-07 17:29:12.153 I/FA      (18748): To enable faster debug mode event logging run:
10-07 17:29:12.153 I/FA      (18748):   adb shell setprop debug.firebase.analytics.app com.example.test10_firebase_analytics_java
10-07 17:29:12.156 E/FA      (18748): Missing google_app_id. Firebase Analytics disabled. See https://goo.gl/NAOOOI
10-07 17:29:12.158 E/FA      (18748): Uploading is not possible. App measurement disabled
10-07 17:29:12.166 I/FA      (18748): Tag Manager is not found and thus will not be used
10-07 17:32:18.564 I/FA      (18941): App measurement initialized, version: 79000
10-07 17:32:18.564 I/FA      (18941): To enable debug logging run: adb shell setprop log.tag.FA VERBOSE
10-07 17:32:18.565 I/FA      (18941): To enable faster debug mode event logging run:
10-07 17:32:18.565 I/FA      (18941):   adb shell setprop debug.firebase.analytics.app com.example.test10_firebase_analytics_java
10-07 17:32:18.569 E/FA      (18941): Missing google_app_id. Firebase Analytics disabled. See https://goo.gl/NAOOOI
10-07 17:32:18.571 E/FA      (18941): Uploading is not possible. App measurement disabled
10-07 17:32:18.577 I/FA      (18941): Tag Manager is not found and thus will not be used
10-07 17:32:29.273 E/FA      (18941): Missing google_app_id. Firebase Analytics disabled. See https://goo.gl/NAOOOI
10-07 17:32:57.649 E/FA      (18941): Missing google_app_id. Firebase Analytics disabled. See https://goo.gl/NAOOOI
10-07 17:34:21.337 I/FA      (19089): App measurement initialized, version: 79000
10-07 17:34:21.338 I/FA      (19089): To enable debug logging run: adb shell setprop log.tag.FA VERBOSE
10-07 17:34:21.338 I/FA      (19089): To enable faster debug mode event logging run:
10-07 17:34:21.338 I/FA      (19089):   adb shell setprop debug.firebase.analytics.app com.example.test10_firebase_analytics_java
10-07 17:34:21.340 E/FA      (19089): Missing google_app_id. Firebase Analytics disabled. See https://goo.gl/NAOOOI
10-07 17:34:21.341 E/FA      (19089): Uploading is not possible. App measurement disabled
10-07 17:34:21.346 I/FA      (19089): Tag Manager is not found and thus will not be used
10-07 17:34:25.621 E/FA      (19089): Missing google_app_id. Firebase Analytics disabled. See https://goo.gl/NAOOOI
10-07 17:34:45.899 E/FA      (19089): Missing google_app_id. Firebase Analytics disabled. See https://goo.gl/NAOOOI
10-07 17:37:54.875 I/FA      (19233): App measurement initialized, version: 79000
10-07 17:37:54.875 I/FA      (19233): To enable debug logging run: adb shell setprop log.tag.FA VERBOSE
10-07 17:37:54.875 I/FA      (19233): To enable faster debug mode event logging run:
10-07 17:37:54.875 I/FA      (19233):   adb shell setprop debug.firebase.analytics.app com.example.test10_firebase_analytics_java
10-07 17:37:54.878 E/FA      (19233): Missing google_app_id. Firebase Analytics disabled. See https://goo.gl/NAOOOI
10-07 17:37:54.879 E/FA      (19233): Uploading is not possible. App measurement disabled
10-07 17:37:54.892 I/FA      (19233): Tag Manager is not found and thus will not be used
10-07 17:37:56.653 E/FA      (19233): Name must consist of letters, digits or _ (underscores). Type, name: event, App Started
10-07 17:37:56.654 E/FA      (19233): Invalid public event name. Event will not be logged (FE): App Started
10-07 17:37:56.656 E/FA      (19233): Missing google_app_id. Firebase Analytics disabled. See https://goo.gl/NAOOOI
10-07 17:38:43.891 E/FA      (19233): Missing google_app_id. Firebase Analytics disabled. See https://goo.gl/NAOOOI
10-07 17:39:28.438 E/FA      (19233): Missing google_app_id. Firebase Analytics disabled. See https://goo.gl/NAOOOI
10-07 17:56:51.297 I/FA      (19511): App measurement initialized, version: 79000
10-07 17:56:51.297 I/FA      (19511): To enable debug logging run: adb shell setprop log.tag.FA VERBOSE
10-07 17:56:51.298 I/FA      (19511): To enable faster debug mode event logging run:
10-07 17:56:51.298 I/FA      (19511):   adb shell setprop debug.firebase.analytics.app com.example.test10_firebase_analytics_java
10-07 17:56:51.300 E/FA      (19511): Missing google_app_id. Firebase Analytics disabled. See https://goo.gl/NAOOOI
10-07 17:56:51.302 E/FA      (19511): Uploading is not possible. App measurement disabled
10-07 17:56:51.305 I/FA      (19511): Tag Manager is not found and thus will not be used
10-07 17:56:53.272 E/FA      (19511): Missing google_app_id. Firebase Analytics disabled. See https://goo.gl/NAOOOI
10-07 19:51:47.476 I/FA      (20161): App measurement initialized, version: 77020
10-07 19:51:47.477 I/FA      (20161): To enable debug logging run: adb shell setprop log.tag.FA VERBOSE
10-07 19:51:47.477 I/FA      (20161): To enable faster debug mode event logging run:
10-07 19:51:47.477 I/FA      (20161):   adb shell setprop debug.firebase.analytics.app com.google.android.apps.youtube.music
10-07 19:51:51.617 I/FA      (20492): App measurement initialized, version: 77035
10-07 19:51:51.617 I/FA      (20492): To enable debug logging run: adb shell setprop log.tag.FA VERBOSE
10-07 19:51:51.617 I/FA      (20492): To enable faster debug mode event logging run:
10-07 19:51:51.617 I/FA      (20492):   adb shell setprop debug.firebase.analytics.app com.google.android.youtube
10-08 13:56:57.224 I/FA      (26358): App measurement initialized, version: 79000
10-08 13:56:57.224 I/FA      (26358): To enable debug logging run: adb shell setprop log.tag.FA VERBOSE
10-08 13:56:57.224 I/FA      (26358): To enable faster debug mode event logging run:
10-08 13:56:57.224 I/FA      (26358):   adb shell setprop debug.firebase.analytics.app ch.ymron.test_firebase
10-08 13:56:57.227 E/FA      (26358): Missing google_app_id. Firebase Analytics disabled. See https://goo.gl/NAOOOI
10-08 13:56:57.229 E/FA      (26358): Uploading is not possible. App measurement disabled
10-08 13:56:57.233 I/FA      (26358): Tag Manager is not found and thus will not be used
10-08 13:56:57.323 I/FA-SVC  (26025): App measurement initialized, version: 231818
10-08 13:56:58.663 E/FA      (26358): Name must consist of letters, digits or _ (underscores). Type, name: event, App is starting...
10-08 13:56:58.663 E/FA      (26358): Invalid public event name. Event will not be logged (FE): App is starting...
10-08 13:56:58.666 E/FA      (26358): Missing google_app_id. Firebase Analytics disabled. See https://goo.gl/NAOOOI
10-08 13:57:58.240 I/FA      (26515): App measurement initialized, version: 79000
10-08 13:57:58.240 I/FA      (26515): To enable debug logging run: adb shell setprop log.tag.FA VERBOSE
10-08 13:57:58.241 I/FA      (26515): To enable faster debug mode event logging run:
10-08 13:57:58.241 I/FA      (26515):   adb shell setprop debug.firebase.analytics.app ch.ymron.test_firebase
10-08 13:57:58.246 E/FA      (26515): Missing google_app_id. Firebase Analytics disabled. See https://goo.gl/NAOOOI
10-08 13:57:58.248 E/FA      (26515): Uploading is not possible. App measurement disabled
10-08 13:57:58.271 I/FA      (26515): Tag Manager is not found and thus will not be used
10-08 13:57:59.631 E/FA      (26515): Missing google_app_id. Firebase Analytics disabled. See https://goo.gl/NAOOOI
10-08 14:09:48.732 I/FA      (26699): App measurement initialized, version: 79000
10-08 14:09:48.734 I/FA      (26699): To enable debug logging run: adb shell setprop log.tag.FA VERBOSE
10-08 14:09:48.734 I/FA      (26699): To enable faster debug mode event logging run:
10-08 14:09:48.734 I/FA      (26699):   adb shell setprop debug.firebase.analytics.app ch.ymron.test_firebase
10-08 14:09:48.738 E/FA      (26699): Missing google_app_id. Firebase Analytics disabled. See https://goo.gl/NAOOOI
10-08 14:09:48.741 E/FA      (26699): Uploading is not possible. App measurement disabled
10-08 14:09:48.744 I/FA      (26699): Tag Manager is not found and thus will not be used
10-08 14:09:50.276 E/FA      (26699): Missing google_app_id. Firebase Analytics disabled. See https://goo.gl/NAOOOI
10-08 14:11:29.144 E/FA      (26699): Missing google_app_id. Firebase Analytics disabled. See https://goo.gl/NAOOOI
10-08 14:11:31.135 E/FA      (26699): Missing google_app_id. Firebase Analytics disabled. See https://goo.gl/NAOOOI
10-08 14:11:33.452 E/FA      (26699): Missing google_app_id. Firebase Analytics disabled. See https://goo.gl/NAOOOI
10-08 21:05:33.080 I/FA      (28023): App measurement initialized, version: 77020
10-08 21:05:33.080 I/FA      (28023): To enable debug logging run: adb shell setprop log.tag.FA VERBOSE
10-08 21:05:33.080 I/FA      (28023): To enable faster debug mode event logging run:
10-08 21:05:33.080 I/FA      (28023):   adb shell setprop debug.firebase.analytics.app com.google.android.apps.youtube.music
10-08 21:05:36.694 I/FA      (28007): App measurement disabled by setAnalyticsCollectionEnabled(false)
10-08 21:05:36.696 I/FA      (28007): App measurement initialized, version: 77033
10-08 21:05:36.696 I/FA      (28007): To enable debug logging run: adb shell setprop log.tag.FA VERBOSE
10-08 21:05:36.696 I/FA      (28007): To enable faster debug mode event logging run:
10-08 21:05:36.696 I/FA      (28007):   adb shell setprop debug.firebase.analytics.app com.google.android.apps.photos
10-08 21:05:37.479 I/FA      (28268): App measurement initialized, version: 77035
10-08 21:05:37.480 I/FA      (28268): To enable debug logging run: adb shell setprop log.tag.FA VERBOSE
10-08 21:05:37.481 I/FA      (28268): To enable faster debug mode event logging run:
10-08 21:05:37.481 I/FA      (28268):   adb shell setprop debug.firebase.analytics.app com.google.android.youtube
10-09 08:40:21.760 I/FA      (29443): App measurement initialized, version: 77020
10-09 08:40:21.760 I/FA      (29443): To enable debug logging run: adb shell setprop log.tag.FA VERBOSE
10-09 08:40:21.760 I/FA      (29443): To enable faster debug mode event logging run:
10-09 08:40:21.760 I/FA      (29443):   adb shell setprop debug.firebase.analytics.app com.google.android.apps.youtube.music
10-09 17:38:26.933 I/FA      (30511): App measurement initialized, version: 77020
10-09 17:38:26.933 I/FA      (30511): To enable debug logging run: adb shell setprop log.tag.FA VERBOSE
10-09 17:38:26.933 I/FA      (30511): To enable faster debug mode event logging run:
10-09 17:38:26.933 I/FA      (30511):   adb shell setprop debug.firebase.analytics.app com.google.android.apps.youtube.music
10-09 17:38:30.258 I/FA      (30716): App measurement initialized, version: 77035
10-09 17:38:30.258 I/FA      (30716): To enable debug logging run: adb shell setprop log.tag.FA VERBOSE
10-09 17:38:30.258 I/FA      (30716): To enable faster debug mode event logging run:
10-09 17:38:30.258 I/FA      (30716):   adb shell setprop debug.firebase.analytics.app com.google.android.youtube
10-09 17:57:20.899 I/FA      (31384): App measurement initialized, version: 79000
10-09 17:57:20.899 I/FA      (31384): To enable debug logging run: adb shell setprop log.tag.FA VERBOSE
10-09 17:57:20.899 I/FA      (31384): To enable faster debug mode event logging run:
10-09 17:57:20.899 I/FA      (31384):   adb shell setprop debug.firebase.analytics.app ch.ymron.test_firebase
10-09 17:57:20.904 E/FA      (31384): Missing google_app_id. Firebase Analytics disabled. See https://goo.gl/NAOOOI
10-09 17:57:20.909 E/FA      (31384): Uploading is not possible. App measurement disabled
10-09 17:57:20.921 I/FA      (31384): Tag Manager is not found and thus will not be used
10-09 17:57:22.509 E/FA      (31384): Missing google_app_id. Firebase Analytics disabled. See https://goo.gl/NAOOOI
10-09 18:01:03.619 I/FA      (31565): App measurement initialized, version: 79000
10-09 18:01:03.619 I/FA      (31565): To enable debug logging run: adb shell setprop log.tag.FA VERBOSE
10-09 18:01:03.620 I/FA      (31565): To enable faster debug mode event logging run:
10-09 18:01:03.620 I/FA      (31565):   adb shell setprop debug.firebase.analytics.app ch.ymron.test_firebase
10-09 18:01:03.623 E/FA      (31565): Missing google_app_id. Firebase Analytics disabled. See https://goo.gl/NAOOOI
10-09 18:01:03.625 E/FA      (31565): Uploading is not possible. App measurement disabled
10-09 18:01:03.632 I/FA      (31565): Tag Manager is not found and thus will not be used
10-09 18:01:05.340 E/FA      (31565): Missing google_app_id. Firebase Analytics disabled. See https://goo.gl/NAOOOI
10-09 18:03:52.558 I/FA      (31724): App measurement initialized, version: 79000
10-09 18:03:52.559 I/FA      (31724): To enable debug logging run: adb shell setprop log.tag.FA VERBOSE
10-09 18:03:52.560 I/FA      (31724): To enable faster debug mode event logging run:
10-09 18:03:52.560 I/FA      (31724):   adb shell setprop debug.firebase.analytics.app ch.ymron.test_firebase
10-09 18:03:52.562 E/FA      (31724): Missing google_app_id. Firebase Analytics disabled. See https://goo.gl/NAOOOI
10-09 18:03:52.565 E/FA      (31724): Uploading is not possible. App measurement disabled
10-09 18:03:52.570 I/FA      (31724): Tag Manager is not found and thus will not be used
10-09 18:03:54.005 E/FA      (31724): Missing google_app_id. Firebase Analytics disabled. See https://goo.gl/NAOOOI
10-09 18:16:56.850 V/FA      (31935): App measurement collection enabled
10-09 18:16:56.850 V/FA      (31935): App measurement enabled for app package, google app id: ch.ymron.test_firebase
10-09 18:16:56.851 I/FA      (31935): App measurement initialized, version: 79000
10-09 18:16:56.851 I/FA      (31935): To enable debug logging run: adb shell setprop log.tag.FA VERBOSE
10-09 18:16:56.851 I/FA      (31935): To enable faster debug mode event logging run:
10-09 18:16:56.851 I/FA      (31935):   adb shell setprop debug.firebase.analytics.app ch.ymron.test_firebase
10-09 18:16:56.852 D/FA      (31935): Debug-level message logging enabled
10-09 18:16:56.854 E/FA      (31935): Missing google_app_id. Firebase Analytics disabled. See https://goo.gl/NAOOOI
10-09 18:16:56.855 E/FA      (31935): Uploading is not possible. App measurement disabled
10-09 18:16:56.859 V/FA      (31935): Activity resumed, time: 138884879
10-09 18:16:56.861 I/FA      (31935): Tag Manager is not found and thus will not be used
10-09 18:16:56.868 V/FA      (31935): Connecting to remote service
10-09 18:16:57.029 D/FA      (31935): Connected to remote service
10-09 18:16:57.029 V/FA      (31935): Processing queued up service tasks: 1
10-09 18:16:58.508 E/FA      (31935): Missing google_app_id. Firebase Analytics disabled. See https://goo.gl/NAOOOI
10-09 18:17:02.036 V/FA      (31935): Inactivity, disconnecting from the service
